d:\win32dialogapplication\imageapp\debug\imageapp.pch
d:\win32dialogapplication\imageapp\debug\vc141.pdb
d:\win32dialogapplication\imageapp\debug\vc141.idb
d:\win32dialogapplication\imageapp\debug\stdafx.obj
d:\win32dialogapplication\imageapp\debug\pixel.obj
d:\win32dialogapplication\imageapp\debug\imageapp.obj
d:\win32dialogapplication\imageapp\debug\image.obj
d:\win32dialogapplication\imageapp\debug\filterbase.obj
d:\win32dialogapplication\imageapp\debug\bwfilter.obj
d:\win32dialogapplication\imageapp\debug\boxblurfilter.obj
d:\win32dialogapplication\debug\imageapp.ilk
d:\win32dialogapplication\debug\imageapp.exe
d:\win32dialogapplication\debug\imageapp.pdb
d:\win32dialogapplication\imageapp\debug\imageapp.res
d:\win32dialogapplication\imageapp\debug\imageapp.tlog\cl.command.1.tlog
d:\win32dialogapplication\imageapp\debug\imageapp.tlog\cl.read.1.tlog
d:\win32dialogapplication\imageapp\debug\imageapp.tlog\cl.write.1.tlog
d:\win32dialogapplication\imageapp\debug\imageapp.tlog\link.command.1.tlog
d:\win32dialogapplication\imageapp\debug\imageapp.tlog\link.read.1.tlog
d:\win32dialogapplication\imageapp\debug\imageapp.tlog\link.write.1.tlog
d:\win32dialogapplication\imageapp\debug\imageapp.tlog\rc.command.1.tlog
d:\win32dialogapplication\imageapp\debug\imageapp.tlog\rc.read.1.tlog
d:\win32dialogapplication\imageapp\debug\imageapp.tlog\rc.write.1.tlog
